{"level":"info","message":"✅ MongoDB Connected","timestamp":"2025-04-17T08:05:04.869Z"}
{"level":"info","message":"🚀 Server running on port 5000","timestamp":"2025-04-17T08:05:04.875Z"}
{"level":"info","message":"Token decoded successfully","timestamp":"2025-04-17T08:06:03.200Z","userId":"67cbfef6624f825199088407"}
{"level":"info","message":"✅ MongoDB Connected","timestamp":"2025-04-17T08:09:27.021Z"}
{"level":"info","message":"🚀 Server running on port 5000","timestamp":"2025-04-17T08:09:27.028Z"}
{"level":"info","message":"Token decoded successfully","timestamp":"2025-04-17T08:09:41.294Z","userId":"67cbfef6624f825199088407"}
{"level":"info","message":"Token decoded successfully","timestamp":"2025-04-17T08:12:54.435Z","userId":"67cbfef6624f825199088407"}
{"level":"info","message":"Token decoded successfully","timestamp":"2025-04-17T08:12:54.475Z","userId":"67cbfef6624f825199088407"}
{"level":"info","message":"Token decoded successfully","timestamp":"2025-04-17T08:12:55.467Z","userId":"67cbfef6624f825199088407"}
{"level":"info","message":"Token decoded successfully","timestamp":"2025-04-17T08:12:55.537Z","userId":"67cbfef6624f825199088407"}
{"level":"info","message":"✅ MongoDB Connected","timestamp":"2025-04-30T06:52:47.594Z"}
{"level":"info","message":"🚀 Server running on port 5000","timestamp":"2025-04-30T06:52:47.606Z"}
{"error":"jwt expired","level":"error","message":"Token verification failed","timestamp":"2025-04-30T06:56:53.579Z"}
{"error":"Unauthorized: Token expired","level":"error","message":"Server error:","stack":"Error: Unauthorized: Token expired\n    at C:\\Users\\aswin\\OneDrive\\Desktop\\ai_project\\backend\\middleware\\authMiddleware.js:39:13\n    at asyncUtilWrap (C:\\Users\\aswin\\OneDrive\\Desktop\\ai_project\\backend\\node_modules\\express-async-handler\\index.js:3:20)\n    at Layer.handle [as handle_request] (C:\\Users\\aswin\\OneDrive\\Desktop\\ai_project\\backend\\node_modules\\express\\lib\\router\\layer.js:95:5)\n    at next (C:\\Users\\aswin\\OneDrive\\Desktop\\ai_project\\backend\\node_modules\\express\\lib\\router\\route.js:149:13)\n    at Route.dispatch (C:\\Users\\aswin\\OneDrive\\Desktop\\ai_project\\backend\\node_modules\\express\\lib\\router\\route.js:119:3)\n    at Layer.handle [as handle_request] (C:\\Users\\aswin\\OneDrive\\Desktop\\ai_project\\backend\\node_modules\\express\\lib\\router\\layer.js:95:5)\n    at C:\\Users\\aswin\\OneDrive\\Desktop\\ai_project\\backend\\node_modules\\express\\lib\\router\\index.js:284:15\n    at Function.process_params (C:\\Users\\aswin\\OneDrive\\Desktop\\ai_project\\backend\\node_modules\\express\\lib\\router\\index.js:346:12)\n    at next (C:\\Users\\aswin\\OneDrive\\Desktop\\ai_project\\backend\\node_modules\\express\\lib\\router\\index.js:280:10)\n    at Function.handle (C:\\Users\\aswin\\OneDrive\\Desktop\\ai_project\\backend\\node_modules\\express\\lib\\router\\index.js:175:3)","timestamp":"2025-04-30T06:56:53.609Z"}
{"error":"jwt expired","level":"error","message":"Token verification failed","timestamp":"2025-04-30T06:56:53.723Z"}
{"error":"Unauthorized: Token expired","level":"error","message":"Server error:","stack":"Error: Unauthorized: Token expired\n    at C:\\Users\\aswin\\OneDrive\\Desktop\\ai_project\\backend\\middleware\\authMiddleware.js:39:13\n    at asyncUtilWrap (C:\\Users\\aswin\\OneDrive\\Desktop\\ai_project\\backend\\node_modules\\express-async-handler\\index.js:3:20)\n    at Layer.handle [as handle_request] (C:\\Users\\aswin\\OneDrive\\Desktop\\ai_project\\backend\\node_modules\\express\\lib\\router\\layer.js:95:5)\n    at next (C:\\Users\\aswin\\OneDrive\\Desktop\\ai_project\\backend\\node_modules\\express\\lib\\router\\route.js:149:13)\n    at Route.dispatch (C:\\Users\\aswin\\OneDrive\\Desktop\\ai_project\\backend\\node_modules\\express\\lib\\router\\route.js:119:3)\n    at Layer.handle [as handle_request] (C:\\Users\\aswin\\OneDrive\\Desktop\\ai_project\\backend\\node_modules\\express\\lib\\router\\layer.js:95:5)\n    at C:\\Users\\aswin\\OneDrive\\Desktop\\ai_project\\backend\\node_modules\\express\\lib\\router\\index.js:284:15\n    at Function.process_params (C:\\Users\\aswin\\OneDrive\\Desktop\\ai_project\\backend\\node_modules\\express\\lib\\router\\index.js:346:12)\n    at next (C:\\Users\\aswin\\OneDrive\\Desktop\\ai_project\\backend\\node_modules\\express\\lib\\router\\index.js:280:10)\n    at Function.handle (C:\\Users\\aswin\\OneDrive\\Desktop\\ai_project\\backend\\node_modules\\express\\lib\\router\\index.js:175:3)","timestamp":"2025-04-30T06:56:53.729Z"}
{"level":"info","message":"Token decoded successfully","timestamp":"2025-04-30T07:00:58.484Z","userId":"68070438201e6183a46d05ca"}
{"level":"info","message":"Token decoded successfully","timestamp":"2025-04-30T07:00:58.561Z","userId":"68070438201e6183a46d05ca"}
{"level":"info","message":"Token decoded successfully","timestamp":"2025-04-30T07:02:19.162Z","userId":"6811caef868b4c773da30b35"}
{"level":"info","message":"Token decoded successfully","timestamp":"2025-04-30T07:02:19.190Z","userId":"6811caef868b4c773da30b35"}
{"level":"info","message":"✅ MongoDB Connected","timestamp":"2025-04-30T09:56:48.333Z"}
{"level":"info","message":"🚀 Server running on port 5000","timestamp":"2025-04-30T09:56:48.349Z"}
{"level":"info","message":"Token decoded successfully","timestamp":"2025-04-30T09:58:23.208Z","userId":"6811caef868b4c773da30b35"}
{"level":"info","message":"Token decoded successfully","timestamp":"2025-04-30T09:58:23.239Z","userId":"6811caef868b4c773da30b35"}
{"level":"info","message":"Token decoded successfully","timestamp":"2025-04-30T10:10:20.160Z","userId":"6811caef868b4c773da30b35"}
{"level":"info","message":"Token decoded successfully","timestamp":"2025-04-30T10:10:20.223Z","userId":"6811caef868b4c773da30b35"}
{"level":"info","message":"Token decoded successfully","timestamp":"2025-04-30T10:10:22.979Z","userId":"6811caef868b4c773da30b35"}
{"level":"info","message":"Token decoded successfully","timestamp":"2025-04-30T10:10:23.051Z","userId":"6811caef868b4c773da30b35"}
{"level":"info","message":"Token decoded successfully","timestamp":"2025-04-30T10:10:25.890Z","userId":"6811caef868b4c773da30b35"}
{"level":"info","message":"Token decoded successfully","timestamp":"2025-04-30T10:10:25.929Z","userId":"6811caef868b4c773da30b35"}
{"level":"info","message":"Token decoded successfully","timestamp":"2025-04-30T10:10:28.118Z","userId":"6811caef868b4c773da30b35"}
{"level":"info","message":"Token decoded successfully","timestamp":"2025-04-30T10:10:28.192Z","userId":"6811caef868b4c773da30b35"}
{"level":"info","message":"Token decoded successfully","timestamp":"2025-04-30T10:12:23.172Z","userId":"6811caef868b4c773da30b35"}
{"level":"info","message":"Token decoded successfully","timestamp":"2025-04-30T10:12:23.595Z","userId":"6811caef868b4c773da30b35"}
{"level":"info","message":"Token decoded successfully","timestamp":"2025-04-30T10:12:26.030Z","userId":"6811caef868b4c773da30b35"}
{"level":"info","message":"Token decoded successfully","timestamp":"2025-04-30T10:12:26.100Z","userId":"6811caef868b4c773da30b35"}
{"level":"info","message":"Token decoded successfully","timestamp":"2025-04-30T10:12:29.978Z","userId":"6811caef868b4c773da30b35"}
{"level":"info","message":"Token decoded successfully","timestamp":"2025-04-30T10:12:30.018Z","userId":"6811caef868b4c773da30b35"}
{"level":"info","message":"Token decoded successfully","timestamp":"2025-04-30T10:12:32.177Z","userId":"6811caef868b4c773da30b35"}
{"level":"info","message":"Token decoded successfully","timestamp":"2025-04-30T10:12:32.219Z","userId":"6811caef868b4c773da30b35"}
{"level":"info","message":"Token decoded successfully","timestamp":"2025-04-30T10:13:27.254Z","userId":"6811caef868b4c773da30b35"}
{"level":"info","message":"Token decoded successfully","timestamp":"2025-04-30T10:13:27.295Z","userId":"6811caef868b4c773da30b35"}
{"level":"info","message":"Token decoded successfully","timestamp":"2025-04-30T10:13:30.234Z","userId":"6811caef868b4c773da30b35"}
{"level":"info","message":"Token decoded successfully","timestamp":"2025-04-30T10:13:30.297Z","userId":"6811caef868b4c773da30b35"}
{"level":"info","message":"Token decoded successfully","timestamp":"2025-04-30T10:13:31.035Z","userId":"6811caef868b4c773da30b35"}
{"level":"info","message":"Token decoded successfully","timestamp":"2025-04-30T10:13:31.060Z","userId":"6811caef868b4c773da30b35"}
{"level":"info","message":"Token decoded successfully","timestamp":"2025-04-30T10:13:38.136Z","userId":"6811caef868b4c773da30b35"}
{"level":"info","message":"Token decoded successfully","timestamp":"2025-04-30T10:13:38.182Z","userId":"6811caef868b4c773da30b35"}
{"level":"info","message":"Token decoded successfully","timestamp":"2025-04-30T10:13:39.922Z","userId":"6811caef868b4c773da30b35"}
{"level":"info","message":"Token decoded successfully","timestamp":"2025-04-30T10:13:39.970Z","userId":"6811caef868b4c773da30b35"}
{"level":"info","message":"Token decoded successfully","timestamp":"2025-04-30T10:13:41.796Z","userId":"6811caef868b4c773da30b35"}
{"level":"info","message":"Token decoded successfully","timestamp":"2025-04-30T10:13:41.850Z","userId":"6811caef868b4c773da30b35"}
{"level":"info","message":"Token decoded successfully","timestamp":"2025-04-30T10:14:18.988Z","userId":"6811caef868b4c773da30b35"}
{"level":"info","message":"Token decoded successfully","timestamp":"2025-04-30T10:14:19.020Z","userId":"6811caef868b4c773da30b35"}
{"level":"info","message":"Token decoded successfully","timestamp":"2025-04-30T10:14:20.898Z","userId":"6811caef868b4c773da30b35"}
{"level":"info","message":"Token decoded successfully","timestamp":"2025-04-30T10:14:20.959Z","userId":"6811caef868b4c773da30b35"}
{"level":"info","message":"Token decoded successfully","timestamp":"2025-04-30T10:15:12.220Z","userId":"6811caef868b4c773da30b35"}
{"level":"info","message":"Token decoded successfully","timestamp":"2025-04-30T10:15:12.303Z","userId":"6811caef868b4c773da30b35"}
{"level":"info","message":"Token decoded successfully","timestamp":"2025-04-30T10:15:18.157Z","userId":"6811caef868b4c773da30b35"}
{"level":"info","message":"Token decoded successfully","timestamp":"2025-04-30T10:15:18.233Z","userId":"6811caef868b4c773da30b35"}
{"level":"info","message":"Token decoded successfully","timestamp":"2025-04-30T10:15:19.533Z","userId":"6811caef868b4c773da30b35"}
{"level":"info","message":"Token decoded successfully","timestamp":"2025-04-30T10:15:19.567Z","userId":"6811caef868b4c773da30b35"}
{"level":"info","message":"Token decoded successfully","timestamp":"2025-04-30T10:27:04.875Z","userId":"6811caef868b4c773da30b35"}
{"level":"info","message":"Token decoded successfully","timestamp":"2025-04-30T10:27:04.962Z","userId":"6811caef868b4c773da30b35"}
{"level":"info","message":"Token decoded successfully","timestamp":"2025-04-30T10:39:35.568Z","userId":"6811caef868b4c773da30b35"}
{"level":"info","message":"Token decoded successfully","timestamp":"2025-04-30T10:39:35.616Z","userId":"6811caef868b4c773da30b35"}
{"level":"info","message":"✅ MongoDB Connected","timestamp":"2025-04-30T11:05:35.410Z"}
{"level":"info","message":"🚀 Server running on port 5000","timestamp":"2025-04-30T11:05:35.417Z"}
{"level":"info","message":"Token decoded successfully","timestamp":"2025-04-30T11:09:27.481Z","userId":"6811caef868b4c773da30b35"}
{"level":"error","message":"Server error:","timestamp":"2025-04-30T11:09:27.519Z"}
{"level":"info","message":"Token decoded successfully","timestamp":"2025-04-30T11:09:27.523Z","userId":"6811caef868b4c773da30b35"}
{"level":"error","message":"Server error:","timestamp":"2025-04-30T11:09:27.531Z"}
{"level":"error","message":"Server error:","timestamp":"2025-04-30T11:10:12.213Z"}
{"level":"error","message":"Server error:","timestamp":"2025-04-30T11:10:33.096Z"}
{"level":"error","message":"Server error:","timestamp":"2025-04-30T11:10:33.120Z"}
{"level":"error","message":"Server error:","timestamp":"2025-04-30T11:11:30.595Z"}
{"level":"error","message":"Server error:","timestamp":"2025-04-30T11:11:30.604Z"}
{"level":"error","message":"Server error:","timestamp":"2025-04-30T11:11:38.155Z"}
{"level":"error","message":"Server error:","timestamp":"2025-04-30T11:11:38.177Z"}
{"level":"error","message":"Server error:","timestamp":"2025-04-30T11:15:27.824Z"}
{"level":"error","message":"Server error:","timestamp":"2025-04-30T11:15:27.844Z"}
{"level":"error","message":"Server error:","timestamp":"2025-04-30T11:15:30.253Z"}
{"level":"info","message":"Token decoded successfully","timestamp":"2025-04-30T11:15:30.260Z","userId":"6811caef868b4c773da30b35"}
{"level":"error","message":"Server error:","timestamp":"2025-04-30T11:15:30.286Z"}
{"level":"info","message":"Token decoded successfully","timestamp":"2025-04-30T11:15:30.320Z","userId":"6811caef868b4c773da30b35"}
{"level":"error","message":"Server error:","timestamp":"2025-04-30T11:15:43.929Z"}
{"level":"error","message":"Server error:","timestamp":"2025-04-30T11:15:43.942Z"}
{"level":"info","message":"Token decoded successfully","timestamp":"2025-04-30T11:15:58.933Z","userId":"6811caef868b4c773da30b35"}
{"level":"error","message":"Server error:","timestamp":"2025-04-30T11:15:58.954Z"}
{"level":"info","message":"Token decoded successfully","timestamp":"2025-04-30T11:15:58.969Z","userId":"6811caef868b4c773da30b35"}
{"level":"error","message":"Server error:","timestamp":"2025-04-30T11:15:58.972Z"}
{"level":"info","message":"Token decoded successfully","timestamp":"2025-04-30T11:16:03.163Z","userId":"6811caef868b4c773da30b35"}
{"level":"error","message":"Server error:","timestamp":"2025-04-30T11:16:03.176Z"}
{"level":"info","message":"Token decoded successfully","timestamp":"2025-04-30T11:16:03.226Z","userId":"6811caef868b4c773da30b35"}
{"level":"error","message":"Server error:","timestamp":"2025-04-30T11:16:03.231Z"}
{"level":"error","message":"Server error:","timestamp":"2025-04-30T11:16:14.242Z"}
{"level":"error","message":"Server error:","timestamp":"2025-04-30T11:16:14.252Z"}
{"level":"error","message":"Server error:","timestamp":"2025-04-30T11:16:19.041Z"}
{"level":"info","message":"Token decoded successfully","timestamp":"2025-04-30T11:16:19.060Z","userId":"6811caef868b4c773da30b35"}
{"level":"error","message":"Server error:","timestamp":"2025-04-30T11:16:19.071Z"}
{"level":"info","message":"Token decoded successfully","timestamp":"2025-04-30T11:16:19.107Z","userId":"6811caef868b4c773da30b35"}
{"level":"info","message":"Token decoded successfully","timestamp":"2025-04-30T11:16:25.547Z","userId":"6811caef868b4c773da30b35"}
{"level":"error","message":"Server error:","timestamp":"2025-04-30T11:16:25.550Z"}
{"level":"error","message":"Server error:","timestamp":"2025-04-30T11:16:25.566Z"}
{"level":"info","message":"Token decoded successfully","timestamp":"2025-04-30T11:16:25.576Z","userId":"6811caef868b4c773da30b35"}
{"level":"info","message":"Token decoded successfully","timestamp":"2025-04-30T11:19:52.238Z","userId":"6811caef868b4c773da30b35"}
{"level":"error","message":"Server error:","timestamp":"2025-04-30T11:19:52.240Z"}
{"level":"error","message":"Server error:","timestamp":"2025-04-30T11:19:52.255Z"}
{"level":"info","message":"Token decoded successfully","timestamp":"2025-04-30T11:19:52.264Z","userId":"6811caef868b4c773da30b35"}
{"level":"info","message":"Token decoded successfully","timestamp":"2025-04-30T11:20:15.074Z","userId":"6811caef868b4c773da30b35"}
{"level":"error","message":"Server error:","timestamp":"2025-04-30T11:20:15.092Z"}
{"level":"info","message":"Token decoded successfully","timestamp":"2025-04-30T11:20:15.106Z","userId":"6811caef868b4c773da30b35"}
{"level":"error","message":"Server error:","timestamp":"2025-04-30T11:20:15.159Z"}
{"level":"error","message":"Server error:","timestamp":"2025-04-30T11:25:58.995Z"}
{"level":"error","message":"Server error:","timestamp":"2025-04-30T11:25:59.043Z"}
{"level":"info","message":"Token decoded successfully","timestamp":"2025-04-30T11:32:00.242Z","userId":"6811caef868b4c773da30b35"}
{"level":"error","message":"Server error:","timestamp":"2025-04-30T11:32:00.290Z"}
{"level":"info","message":"Token decoded successfully","timestamp":"2025-04-30T11:32:00.295Z","userId":"6811caef868b4c773da30b35"}
{"level":"error","message":"Server error:","timestamp":"2025-04-30T11:32:00.337Z"}
{"level":"info","message":"Token decoded successfully","timestamp":"2025-04-30T11:38:32.152Z","userId":"6811caef868b4c773da30b35"}
{"level":"info","message":"Token decoded successfully","timestamp":"2025-04-30T11:38:32.163Z","userId":"6811caef868b4c773da30b35"}
{"level":"error","message":"Server error:","timestamp":"2025-04-30T11:38:32.166Z"}
{"level":"error","message":"Server error:","timestamp":"2025-04-30T11:38:32.182Z"}
{"level":"info","message":"Token decoded successfully","timestamp":"2025-04-30T11:39:53.110Z","userId":"6811caef868b4c773da30b35"}
{"level":"error","message":"Server error:","timestamp":"2025-04-30T11:39:53.151Z"}
{"level":"info","message":"Token decoded successfully","timestamp":"2025-04-30T11:39:53.201Z","userId":"6811caef868b4c773da30b35"}
{"level":"error","message":"Server error:","timestamp":"2025-04-30T11:39:53.232Z"}
{"level":"info","message":"Token decoded successfully","timestamp":"2025-04-30T11:41:39.072Z","userId":"6811caef868b4c773da30b35"}
{"level":"error","message":"Server error:","timestamp":"2025-04-30T11:41:39.102Z"}
{"level":"info","message":"Token decoded successfully","timestamp":"2025-04-30T11:41:39.136Z","userId":"6811caef868b4c773da30b35"}
{"level":"error","message":"Server error:","timestamp":"2025-04-30T11:41:39.875Z"}
{"level":"info","message":"✅ MongoDB Connected","timestamp":"2025-05-01T03:45:48.467Z"}
{"level":"info","message":"🚀 Server running on port 5000","timestamp":"2025-05-01T03:45:48.476Z"}
{"level":"info","message":"Token decoded successfully","timestamp":"2025-05-01T04:12:09.749Z","userId":"6811caef868b4c773da30b35"}
{"level":"error","message":"Server error:","timestamp":"2025-05-01T04:12:09.792Z"}
{"level":"info","message":"Token decoded successfully","timestamp":"2025-05-01T04:12:09.800Z","userId":"6811caef868b4c773da30b35"}
{"level":"error","message":"Server error:","timestamp":"2025-05-01T04:12:09.821Z"}
{"level":"info","message":"Token decoded successfully","timestamp":"2025-05-01T04:12:19.799Z","userId":"6811caef868b4c773da30b35"}
{"level":"error","message":"Server error:","timestamp":"2025-05-01T04:12:19.811Z"}
{"level":"error","message":"Server error:","timestamp":"2025-05-01T04:12:19.848Z"}
{"level":"info","message":"Token decoded successfully","timestamp":"2025-05-01T04:12:19.858Z","userId":"6811caef868b4c773da30b35"}
{"level":"info","message":"✅ MongoDB Connected","timestamp":"2025-05-01T06:21:04.491Z"}
{"level":"info","message":"🚀 Server running on port 5000","timestamp":"2025-05-01T06:21:04.497Z"}
{"level":"info","message":"Token decoded successfully","timestamp":"2025-05-01T07:38:20.023Z","userId":"6811caef868b4c773da30b35"}
{"level":"error","message":"Server error:","timestamp":"2025-05-01T07:38:20.057Z"}
{"level":"info","message":"Token decoded successfully","timestamp":"2025-05-01T07:38:20.117Z","userId":"6811caef868b4c773da30b35"}
{"level":"error","message":"Server error:","timestamp":"2025-05-01T07:38:20.127Z"}
{"level":"error","message":"Server error:","timestamp":"2025-05-01T07:38:38.268Z"}
{"level":"error","message":"Server error:","timestamp":"2025-05-01T07:38:38.313Z"}
{"level":"error","message":"Server error:","timestamp":"2025-05-01T07:38:38.314Z"}
{"level":"error","message":"Server error:","timestamp":"2025-05-01T07:38:38.326Z"}
{"level":"error","message":"Server error:","timestamp":"2025-05-01T07:38:47.941Z"}
{"level":"error","message":"Server error:","timestamp":"2025-05-01T07:38:47.953Z"}
{"level":"error","message":"Server error:","timestamp":"2025-05-01T07:38:47.955Z"}
{"level":"error","message":"Server error:","timestamp":"2025-05-01T07:38:47.965Z"}
{"level":"error","message":"Server error:","timestamp":"2025-05-01T07:39:06.047Z"}
{"level":"error","message":"Server error:","timestamp":"2025-05-01T07:39:06.071Z"}
{"level":"error","message":"Server error:","timestamp":"2025-05-01T07:39:06.073Z"}
{"level":"error","message":"Server error:","timestamp":"2025-05-01T07:39:06.085Z"}
{"level":"error","message":"Server error:","timestamp":"2025-05-01T07:39:16.771Z"}
{"level":"error","message":"Server error:","timestamp":"2025-05-01T07:39:16.801Z"}
{"level":"error","message":"Server error:","timestamp":"2025-05-01T07:39:16.803Z"}
{"level":"error","message":"Server error:","timestamp":"2025-05-01T07:39:16.819Z"}
{"level":"error","message":"Server error:","timestamp":"2025-05-01T07:40:07.966Z"}
{"level":"info","message":"Token decoded successfully","timestamp":"2025-05-01T07:40:44.360Z","userId":"6811caef868b4c773da30b35"}
{"level":"error","message":"Server error:","timestamp":"2025-05-01T07:40:44.378Z"}
{"level":"info","message":"Token decoded successfully","timestamp":"2025-05-01T07:40:44.390Z","userId":"6811caef868b4c773da30b35"}
{"level":"error","message":"Server error:","timestamp":"2025-05-01T07:40:44.395Z"}
{"level":"error","message":"Server error:","timestamp":"2025-05-01T07:41:41.873Z"}
{"level":"error","message":"Server error:","timestamp":"2025-05-01T07:41:41.907Z"}
{"level":"error","message":"Server error:","timestamp":"2025-05-01T07:41:41.910Z"}
{"level":"error","message":"Server error:","timestamp":"2025-05-01T07:41:41.924Z"}
{"level":"error","message":"Server error:","timestamp":"2025-05-01T07:42:02.678Z"}
{"level":"error","message":"Server error:","timestamp":"2025-05-01T07:42:02.708Z"}
{"level":"error","message":"Server error:","timestamp":"2025-05-01T07:42:02.710Z"}
{"level":"error","message":"Server error:","timestamp":"2025-05-01T07:42:02.725Z"}
{"level":"error","message":"Server error:","timestamp":"2025-05-01T07:55:26.604Z"}
{"level":"error","message":"Server error:","timestamp":"2025-05-01T07:55:26.629Z"}
{"level":"error","message":"Server error:","timestamp":"2025-05-01T07:55:26.640Z"}
{"level":"error","message":"Server error:","timestamp":"2025-05-01T07:55:26.648Z"}
{"level":"error","message":"Server error:","timestamp":"2025-05-01T07:55:29.431Z"}
{"level":"error","message":"Server error:","timestamp":"2025-05-01T07:55:29.450Z"}
{"level":"error","message":"Server error:","timestamp":"2025-05-01T07:55:29.452Z"}
{"level":"error","message":"Server error:","timestamp":"2025-05-01T07:55:29.478Z"}
{"level":"error","message":"Server error:","timestamp":"2025-05-01T07:55:30.813Z"}
{"level":"info","message":"Token decoded successfully","timestamp":"2025-05-01T07:55:30.822Z","userId":"6811caef868b4c773da30b35"}
{"level":"error","message":"Server error:","timestamp":"2025-05-01T07:55:30.830Z"}
{"level":"info","message":"Token decoded successfully","timestamp":"2025-05-01T07:55:30.886Z","userId":"6811caef868b4c773da30b35"}
{"level":"error","message":"Server error:","timestamp":"2025-05-01T07:55:32.796Z"}
{"level":"error","message":"Server error:","timestamp":"2025-05-01T07:55:32.816Z"}
{"level":"error","message":"Server error:","timestamp":"2025-05-01T07:55:32.820Z"}
{"level":"error","message":"Server error:","timestamp":"2025-05-01T07:55:32.829Z"}
{"level":"error","message":"Server error:","timestamp":"2025-05-01T08:05:24.324Z"}
{"level":"error","message":"Server error:","timestamp":"2025-05-01T08:05:24.402Z"}
{"level":"error","message":"Server error:","timestamp":"2025-05-01T08:05:47.370Z"}
{"level":"error","message":"Server error:","timestamp":"2025-05-01T08:05:47.585Z"}
{"level":"error","message":"Server error:","timestamp":"2025-05-01T08:05:47.592Z"}
{"level":"error","message":"Server error:","timestamp":"2025-05-01T08:05:47.724Z"}
{"level":"error","message":"Server error:","timestamp":"2025-05-01T08:06:10.076Z"}
{"level":"error","message":"Server error:","timestamp":"2025-05-01T08:06:11.929Z"}
{"level":"error","message":"Server error:","timestamp":"2025-05-01T08:08:25.573Z"}
{"level":"error","message":"Server error:","timestamp":"2025-05-01T08:08:38.898Z"}
{"level":"error","message":"Server error:","timestamp":"2025-05-01T08:08:39.826Z"}
{"level":"error","message":"Server error:","timestamp":"2025-05-01T08:11:31.600Z"}
{"level":"error","message":"Server error:","timestamp":"2025-05-01T08:11:31.613Z"}
{"level":"error","message":"Server error:","timestamp":"2025-05-01T08:11:31.616Z"}
{"level":"error","message":"Server error:","timestamp":"2025-05-01T08:11:31.641Z"}
{"level":"error","message":"Server error:","timestamp":"2025-05-01T08:11:44.917Z"}
{"level":"error","message":"Server error:","timestamp":"2025-05-01T08:11:44.937Z"}
{"level":"error","message":"Server error:","timestamp":"2025-05-01T08:11:44.948Z"}
{"level":"error","message":"Server error:","timestamp":"2025-05-01T08:11:44.955Z"}
{"level":"info","message":"Token decoded successfully","timestamp":"2025-05-01T08:11:51.712Z","userId":"6811caef868b4c773da30b35"}
{"level":"error","message":"Server error:","timestamp":"2025-05-01T08:11:51.714Z"}
{"level":"error","message":"Server error:","timestamp":"2025-05-01T08:11:51.735Z"}
{"level":"info","message":"Token decoded successfully","timestamp":"2025-05-01T08:11:51.759Z","userId":"6811caef868b4c773da30b35"}
{"level":"error","message":"Server error:","timestamp":"2025-05-01T08:20:45.929Z"}
{"level":"error","message":"Server error:","timestamp":"2025-05-01T08:20:45.940Z"}
{"level":"error","message":"Server error:","timestamp":"2025-05-01T08:20:45.942Z"}
{"level":"error","message":"Server error:","timestamp":"2025-05-01T08:20:45.954Z"}
{"level":"error","message":"Server error:","timestamp":"2025-05-01T08:25:20.069Z"}
{"level":"error","message":"Server error:","timestamp":"2025-05-01T08:25:20.079Z"}
{"level":"error","message":"Server error:","timestamp":"2025-05-01T08:25:20.083Z"}
{"level":"error","message":"Server error:","timestamp":"2025-05-01T08:25:20.090Z"}
{"level":"error","message":"Server error:","timestamp":"2025-05-01T08:25:24.914Z"}
{"level":"error","message":"Server error:","timestamp":"2025-05-01T08:25:24.931Z"}
{"level":"error","message":"Server error:","timestamp":"2025-05-01T08:25:24.937Z"}
{"level":"error","message":"Server error:","timestamp":"2025-05-01T08:25:24.945Z"}
{"level":"info","message":"Token decoded successfully","timestamp":"2025-05-01T08:27:40.448Z","userId":"6811caef868b4c773da30b35"}
{"level":"error","message":"Server error:","timestamp":"2025-05-01T08:27:40.459Z"}
{"level":"error","message":"Server error:","timestamp":"2025-05-01T08:27:40.474Z"}
{"level":"info","message":"Token decoded successfully","timestamp":"2025-05-01T08:27:40.500Z","userId":"6811caef868b4c773da30b35"}
{"level":"error","message":"Server error:","timestamp":"2025-05-01T08:27:51.281Z"}
{"level":"error","message":"Server error:","timestamp":"2025-05-01T08:27:51.302Z"}
{"level":"error","message":"Server error:","timestamp":"2025-05-01T08:27:51.307Z"}
{"level":"error","message":"Server error:","timestamp":"2025-05-01T08:27:51.316Z"}
{"level":"error","message":"Server error:","timestamp":"2025-05-01T08:27:52.854Z"}
{"level":"error","message":"Server error:","timestamp":"2025-05-01T08:27:52.867Z"}
{"level":"error","message":"Server error:","timestamp":"2025-05-01T08:27:52.870Z"}
{"level":"error","message":"Server error:","timestamp":"2025-05-01T08:27:52.878Z"}
{"level":"info","message":"Token decoded successfully","timestamp":"2025-05-01T08:27:59.985Z","userId":"6811caef868b4c773da30b35"}
{"level":"error","message":"Server error:","timestamp":"2025-05-01T08:28:00.000Z"}
{"level":"info","message":"Token decoded successfully","timestamp":"2025-05-01T08:28:00.012Z","userId":"6811caef868b4c773da30b35"}
{"level":"error","message":"Server error:","timestamp":"2025-05-01T08:28:00.033Z"}
{"level":"info","message":"Token decoded successfully","timestamp":"2025-05-01T08:30:55.118Z","userId":"6811caef868b4c773da30b35"}
{"level":"error","message":"Server error:","timestamp":"2025-05-01T08:30:55.146Z"}
{"level":"info","message":"Token decoded successfully","timestamp":"2025-05-01T08:30:55.319Z","userId":"6811caef868b4c773da30b35"}
{"level":"error","message":"Server error:","timestamp":"2025-05-01T08:30:55.393Z"}
{"level":"info","message":"Token decoded successfully","timestamp":"2025-05-01T08:36:49.945Z","userId":"6811caef868b4c773da30b35"}
{"level":"info","message":"Token decoded successfully","timestamp":"2025-05-01T08:36:49.976Z","userId":"6811caef868b4c773da30b35"}
{"level":"error","message":"Server error:","timestamp":"2025-05-01T08:36:49.981Z"}
{"level":"error","message":"Server error:","timestamp":"2025-05-01T08:36:49.986Z"}
{"level":"info","message":"Token decoded successfully","timestamp":"2025-05-01T08:37:09.052Z","userId":"6811caef868b4c773da30b35"}
{"level":"error","message":"Server error:","timestamp":"2025-05-01T08:37:09.066Z"}
{"level":"error","message":"Server error:","timestamp":"2025-05-01T08:37:09.093Z"}
{"level":"info","message":"Token decoded successfully","timestamp":"2025-05-01T08:37:09.108Z","userId":"6811caef868b4c773da30b35"}
{"level":"info","message":"Token decoded successfully","timestamp":"2025-05-01T08:38:18.669Z","userId":"6811caef868b4c773da30b35"}
{"level":"error","message":"Server error:","timestamp":"2025-05-01T08:38:18.702Z"}
{"level":"info","message":"Token decoded successfully","timestamp":"2025-05-01T08:38:18.718Z","userId":"6811caef868b4c773da30b35"}
{"level":"error","message":"Server error:","timestamp":"2025-05-01T08:38:18.763Z"}
{"level":"info","message":"✅ Route /api/auth attached successfully","timestamp":"2025-05-02T04:07:52.658Z"}
{"level":"info","message":"✅ Route /api/profile attached successfully","timestamp":"2025-05-02T04:07:52.664Z"}
{"level":"info","message":"✅ Route /api/skills attached successfully","timestamp":"2025-05-02T04:07:52.666Z"}
{"error":"Invalid router for /api/tasks","level":"error","message":"❌ Failed to attach route /api/tasks:","timestamp":"2025-05-02T04:07:52.667Z"}
{"level":"info","message":"✅ MongoDB Connected","timestamp":"2025-05-02T04:07:52.787Z"}
{"level":"info","message":"🚀 Server running on port 5000","timestamp":"2025-05-02T04:07:52.800Z"}
{"level":"info","message":"Token decoded successfully","timestamp":"2025-05-02T04:08:39.448Z","userId":"6811caef868b4c773da30b35"}
{"level":"error","message":"Server error:","timestamp":"2025-05-02T04:08:41.321Z"}
{"level":"info","message":"Token decoded successfully","timestamp":"2025-05-02T04:08:41.361Z","userId":"6811caef868b4c773da30b35"}
{"level":"error","message":"Server error:","timestamp":"2025-05-02T04:08:41.408Z"}
{"level":"info","message":"Token decoded successfully","timestamp":"2025-05-02T04:08:49.482Z","userId":"6811caef868b4c773da30b35"}
{"level":"error","message":"Server error:","timestamp":"2025-05-02T04:08:49.498Z"}
{"level":"error","message":"Server error:","timestamp":"2025-05-02T04:08:49.531Z"}
{"level":"info","message":"Token decoded successfully","timestamp":"2025-05-02T04:08:49.545Z","userId":"6811caef868b4c773da30b35"}
{"level":"info","message":"Token decoded successfully","timestamp":"2025-05-02T04:08:51.757Z","userId":"6811caef868b4c773da30b35"}
{"level":"error","message":"Server error:","timestamp":"2025-05-02T04:08:51.793Z"}
{"level":"error","message":"Server error:","timestamp":"2025-05-02T04:08:51.839Z"}
{"level":"info","message":"Token decoded successfully","timestamp":"2025-05-02T04:08:51.846Z","userId":"6811caef868b4c773da30b35"}
{"level":"info","message":"Token decoded successfully","timestamp":"2025-05-02T04:11:11.962Z","userId":"6811caef868b4c773da30b35"}
{"level":"error","message":"Server error:","timestamp":"2025-05-02T04:11:11.979Z"}
{"level":"error","message":"Server error:","timestamp":"2025-05-02T04:11:11.993Z"}
{"level":"info","message":"Token decoded successfully","timestamp":"2025-05-02T04:11:12.029Z","userId":"6811caef868b4c773da30b35"}
{"level":"error","message":"Server error:","timestamp":"2025-05-02T04:15:44.913Z"}
{"level":"error","message":"Server error:","timestamp":"2025-05-02T04:33:02.333Z"}
{"level":"error","message":"Server error:","timestamp":"2025-05-02T04:33:03.058Z"}
{"level":"error","message":"Server error:","timestamp":"2025-05-02T04:33:03.499Z"}
{"level":"error","message":"Server error:","timestamp":"2025-05-02T04:33:03.658Z"}
{"level":"error","message":"Server error:","timestamp":"2025-05-02T04:33:03.898Z"}
{"level":"error","message":"Server error:","timestamp":"2025-05-02T04:33:13.750Z"}
{"level":"error","message":"Server error:","timestamp":"2025-05-02T04:33:13.752Z"}
{"level":"error","message":"Server error:","timestamp":"2025-05-02T04:33:13.772Z"}
{"level":"error","message":"Server error:","timestamp":"2025-05-02T04:33:13.775Z"}
{"level":"error","message":"Server error:","timestamp":"2025-05-02T04:33:37.207Z"}
{"level":"error","message":"Server error:","timestamp":"2025-05-02T04:33:37.210Z"}
{"level":"error","message":"Server error:","timestamp":"2025-05-02T04:33:37.221Z"}
{"level":"error","message":"Server error:","timestamp":"2025-05-02T04:33:37.223Z"}
{"level":"error","message":"Server error:","timestamp":"2025-05-02T04:34:17.202Z"}
{"level":"error","message":"Server error:","timestamp":"2025-05-02T04:42:12.443Z"}
{"level":"error","message":"Server error:","timestamp":"2025-05-02T04:43:33.321Z"}
{"level":"error","message":"Server error:","timestamp":"2025-05-02T04:43:35.251Z"}
{"level":"error","message":"Server error:","timestamp":"2025-05-02T04:51:30.461Z"}
{"level":"error","message":"Server error:","timestamp":"2025-05-02T04:51:30.465Z"}
{"level":"error","message":"Server error:","timestamp":"2025-05-02T04:51:34.790Z"}
{"level":"error","message":"Server error:","timestamp":"2025-05-02T04:51:34.793Z"}
{"level":"error","message":"Server error:","timestamp":"2025-05-02T04:51:34.846Z"}
{"level":"error","message":"Server error:","timestamp":"2025-05-02T04:51:34.849Z"}
{"level":"error","message":"Server error:","timestamp":"2025-05-02T04:51:36.260Z"}
{"level":"error","message":"Server error:","timestamp":"2025-05-02T04:51:36.262Z"}
{"level":"error","message":"Server error:","timestamp":"2025-05-02T04:52:06.257Z"}
{"level":"error","message":"Server error:","timestamp":"2025-05-02T04:52:06.258Z"}
{"level":"error","message":"Server error:","timestamp":"2025-05-02T04:52:07.245Z"}
{"level":"error","message":"Server error:","timestamp":"2025-05-02T04:52:07.265Z"}
{"level":"info","message":"✅ Route /api/auth attached successfully","timestamp":"2025-05-02T04:56:53.714Z"}
{"level":"info","message":"✅ Route /api/profile attached successfully","timestamp":"2025-05-02T04:56:53.716Z"}
{"level":"info","message":"✅ Route /api/skills attached successfully","timestamp":"2025-05-02T04:56:53.717Z"}
{"level":"info","message":"✅ Route /api/tasks attached successfully","timestamp":"2025-05-02T04:56:53.717Z"}
{"level":"info","message":"✅ MongoDB Connected","timestamp":"2025-05-02T04:56:53.749Z"}
{"level":"info","message":"🚀 Server running on port 5000","timestamp":"2025-05-02T04:56:53.753Z"}
{"level":"info","message":"✅ Route /api/auth attached successfully","timestamp":"2025-05-02T05:29:23.682Z"}
{"level":"info","message":"✅ Route /api/profile attached successfully","timestamp":"2025-05-02T05:29:23.685Z"}
{"level":"info","message":"✅ Route /api/skills attached successfully","timestamp":"2025-05-02T05:29:23.686Z"}
{"level":"info","message":"✅ Route /api/tasks attached successfully","timestamp":"2025-05-02T05:29:23.686Z"}
{"level":"info","message":"✅ MongoDB Connected","timestamp":"2025-05-02T05:29:23.746Z"}
{"level":"info","message":"🚀 Server running on port 5000","timestamp":"2025-05-02T05:29:23.753Z"}
{"level":"error","message":"Server error:","timestamp":"2025-05-02T05:31:58.034Z"}
{"level":"info","message":"✅ Route /api/auth attached successfully","timestamp":"2025-05-02T05:33:28.123Z"}
{"level":"info","message":"✅ Route /api/profile attached successfully","timestamp":"2025-05-02T05:33:28.126Z"}
{"level":"info","message":"✅ Route /api/skills attached successfully","timestamp":"2025-05-02T05:33:28.126Z"}
{"level":"info","message":"✅ Route /api/tasks attached successfully","timestamp":"2025-05-02T05:33:28.127Z"}
{"level":"info","message":"✅ Route /api/auth attached successfully","timestamp":"2025-05-02T05:35:04.194Z"}
{"level":"info","message":"✅ Route /api/profile attached successfully","timestamp":"2025-05-02T05:35:04.197Z"}
{"level":"info","message":"✅ Route /api/skills attached successfully","timestamp":"2025-05-02T05:35:04.197Z"}
{"level":"info","message":"✅ Route /api/tasks attached successfully","timestamp":"2025-05-02T05:35:04.198Z"}
{"level":"info","message":"✅ MongoDB Connected","timestamp":"2025-05-02T05:35:04.230Z"}
{"level":"info","message":"🚀 Server running on port 5000","timestamp":"2025-05-02T05:35:04.232Z"}
{"email":"aswinbinu2605@gmail.com","level":"info","message":"User logged in","timestamp":"2025-05-02T05:35:09.004Z","userId":"6811caef868b4c773da30b35"}
{"level":"error","message":"Server error:","timestamp":"2025-05-02T05:35:55.212Z"}
{"level":"info","message":"✅ Route /api/auth attached successfully","timestamp":"2025-05-02T05:38:04.913Z"}
{"level":"info","message":"✅ Route /api/profile attached successfully","timestamp":"2025-05-02T05:38:04.916Z"}
{"level":"info","message":"✅ Route /api/skills attached successfully","timestamp":"2025-05-02T05:38:04.917Z"}
{"level":"info","message":"✅ Route /api/tasks attached successfully","timestamp":"2025-05-02T05:38:04.917Z"}
{"level":"info","message":"✅ MongoDB Connected","timestamp":"2025-05-02T05:38:04.942Z"}
{"level":"info","message":"🚀 Server running on port 5000","timestamp":"2025-05-02T05:38:04.946Z"}
{"level":"error","message":"Invalid res object:","timestamp":"2025-05-02T05:38:08.847Z"}
{"level":"error","message":"Server error:","timestamp":"2025-05-02T05:38:08.848Z"}
{"level":"error","message":"Invalid res object:","timestamp":"2025-05-02T05:38:09.972Z"}
{"level":"error","message":"Server error:","timestamp":"2025-05-02T05:38:09.973Z"}
{"level":"error","message":"Invalid res object:","timestamp":"2025-05-02T05:38:16.079Z"}
{"level":"error","message":"Server error:","timestamp":"2025-05-02T05:38:16.088Z"}
{"level":"error","message":"Invalid res object:","timestamp":"2025-05-02T05:38:20.622Z"}
{"level":"error","message":"Server error:","timestamp":"2025-05-02T05:38:20.623Z"}
{"level":"info","message":"✅ Route /api/auth attached successfully","timestamp":"2025-05-02T05:39:43.343Z"}
{"level":"info","message":"✅ Route /api/profile attached successfully","timestamp":"2025-05-02T05:39:43.346Z"}
{"level":"info","message":"✅ Route /api/skills attached successfully","timestamp":"2025-05-02T05:39:43.347Z"}
{"level":"info","message":"✅ Route /api/tasks attached successfully","timestamp":"2025-05-02T05:39:43.347Z"}
{"level":"info","message":"✅ MongoDB Connected","timestamp":"2025-05-02T05:39:43.375Z"}
{"level":"info","message":"🚀 Server running on port 5000","timestamp":"2025-05-02T05:39:43.378Z"}
{"level":"error","message":"Invalid res object:","timestamp":"2025-05-02T05:39:48.912Z"}
{"email":"aswinbinu2605@gmail.com","level":"info","message":"User logged in","timestamp":"2025-05-02T05:40:32.496Z","userId":"6811caef868b4c773da30b35"}
{"email":"aswinbinu2605@gmail.com","level":"info","message":"User logged in","timestamp":"2025-05-02T05:40:34.127Z","userId":"6811caef868b4c773da30b35"}
{"level":"error","message":"Invalid res object:","timestamp":"2025-05-02T05:40:59.403Z"}
{"level":"info","message":"✅ Route /api/auth attached successfully","timestamp":"2025-05-02T05:42:23.778Z"}
{"level":"info","message":"✅ Route /api/profile attached successfully","timestamp":"2025-05-02T05:42:23.781Z"}
{"level":"info","message":"✅ Route /api/skills attached successfully","timestamp":"2025-05-02T05:42:23.781Z"}
{"level":"info","message":"✅ Route /api/tasks attached successfully","timestamp":"2025-05-02T05:42:23.782Z"}
{"level":"info","message":"✅ MongoDB Connected","timestamp":"2025-05-02T05:42:23.817Z"}
{"level":"info","message":"🚀 Server running on port 5000","timestamp":"2025-05-02T05:42:23.826Z"}
{"level":"error","message":"Invalid res object:","timestamp":"2025-05-02T05:42:30.745Z"}
{"level":"error","message":"Invalid res object:","timestamp":"2025-05-02T05:48:04.162Z"}
{"level":"info","message":"✅ Route /api/auth attached successfully","timestamp":"2025-05-02T05:55:27.950Z"}
{"level":"info","message":"✅ Route /api/profile attached successfully","timestamp":"2025-05-02T05:55:27.952Z"}
{"level":"info","message":"✅ Route /api/skills attached successfully","timestamp":"2025-05-02T05:55:27.953Z"}
{"level":"info","message":"✅ Route /api/tasks attached successfully","timestamp":"2025-05-02T05:55:27.953Z"}
{"level":"info","message":"✅ MongoDB Connected","timestamp":"2025-05-02T05:55:27.984Z"}
{"level":"info","message":"🚀 Server running on port 5000","timestamp":"2025-05-02T05:55:27.988Z"}
{"level":"info","message":"✅ Route /api/auth attached successfully","timestamp":"2025-05-02T06:00:09.830Z"}
{"level":"info","message":"✅ Route /api/profile attached successfully","timestamp":"2025-05-02T06:00:09.832Z"}
{"level":"info","message":"✅ Route /api/skills attached successfully","timestamp":"2025-05-02T06:00:09.833Z"}
{"level":"info","message":"✅ Route /api/tasks attached successfully","timestamp":"2025-05-02T06:00:09.833Z"}
{"level":"info","message":"✅ MongoDB Connected","timestamp":"2025-05-02T06:00:09.903Z"}
{"level":"info","message":"🚀 Server running on port 5000","timestamp":"2025-05-02T06:00:09.955Z"}
{"level":"info","message":"✅ Route /api/auth attached successfully","timestamp":"2025-05-02T06:00:52.251Z"}
{"level":"info","message":"✅ Route /api/profile attached successfully","timestamp":"2025-05-02T06:00:52.254Z"}
{"level":"info","message":"✅ Route /api/skills attached successfully","timestamp":"2025-05-02T06:00:52.254Z"}
{"level":"info","message":"✅ Route /api/tasks attached successfully","timestamp":"2025-05-02T06:00:52.255Z"}
{"level":"info","message":"✅ MongoDB Connected","timestamp":"2025-05-02T06:00:52.283Z"}
{"level":"info","message":"🚀 Server running on port 5000","timestamp":"2025-05-02T06:00:52.286Z"}
{"level":"info","message":"✅ Route /api/auth attached successfully","timestamp":"2025-05-02T06:04:58.865Z"}
{"level":"info","message":"✅ Route /api/profile attached successfully","timestamp":"2025-05-02T06:04:58.868Z"}
{"level":"info","message":"✅ Route /api/skills attached successfully","timestamp":"2025-05-02T06:04:58.868Z"}
{"level":"info","message":"✅ Route /api/tasks attached successfully","timestamp":"2025-05-02T06:04:58.869Z"}
{"level":"info","message":"✅ MongoDB Connected","timestamp":"2025-05-02T06:04:58.897Z"}
{"level":"info","message":"🚀 Server running on port 5000","timestamp":"2025-05-02T06:04:58.900Z"}
{"level":"warn","message":"User not authenticated","timestamp":"2025-05-02T06:05:02.333Z"}
{"email":"aswinbinu2605@gmail.com","level":"info","message":"User logged in","timestamp":"2025-05-02T06:07:50.575Z","userId":"6811caef868b4c773da30b35"}
{"level":"error","message":"Invalid res object:","timestamp":"2025-05-02T06:10:01.916Z"}
{"level":"warn","message":"User not authenticated","timestamp":"2025-05-02T06:10:20.136Z"}
{"level":"warn","message":"User not authenticated","timestamp":"2025-05-02T06:13:12.208Z"}
{"level":"warn","message":"User not authenticated","timestamp":"2025-05-02T06:13:13.383Z"}
{"level":"warn","message":"User not authenticated","timestamp":"2025-05-02T06:27:36.458Z"}
{"level":"warn","message":"User not authenticated","timestamp":"2025-05-02T06:27:44.494Z"}
{"level":"warn","message":"User not authenticated","timestamp":"2025-05-02T06:28:55.503Z"}
{"level":"warn","message":"User not authenticated","timestamp":"2025-05-02T06:28:56.850Z"}
{"level":"warn","message":"User not authenticated","timestamp":"2025-05-02T06:29:00.164Z"}
{"level":"error","message":"Invalid res object:","timestamp":"2025-05-02T06:35:37.150Z"}
{"level":"info","message":"✅ Route /api/auth attached successfully","timestamp":"2025-05-02T06:36:23.254Z"}
{"level":"info","message":"✅ Route /api/profile attached successfully","timestamp":"2025-05-02T06:36:23.257Z"}
{"level":"info","message":"✅ Route /api/skills attached successfully","timestamp":"2025-05-02T06:36:23.257Z"}
{"level":"info","message":"✅ Route /api/tasks attached successfully","timestamp":"2025-05-02T06:36:23.258Z"}
{"level":"info","message":"✅ MongoDB Connected","timestamp":"2025-05-02T06:36:23.325Z"}
{"level":"info","message":"🚀 Server running on port 5000","timestamp":"2025-05-02T06:36:23.331Z"}
{"level":"error","message":"Invalid res object:","timestamp":"2025-05-02T06:42:10.055Z"}
{"level":"error","message":"Invalid res object:","timestamp":"2025-05-02T06:42:39.046Z"}
{"level":"info","message":"✅ Route /api/auth attached successfully","timestamp":"2025-05-02T06:51:03.685Z"}
{"level":"info","message":"✅ Route /api/profile attached successfully","timestamp":"2025-05-02T06:51:03.688Z"}
{"level":"info","message":"✅ Route /api/skills attached successfully","timestamp":"2025-05-02T06:51:03.689Z"}
{"level":"info","message":"✅ Route /api/tasks attached successfully","timestamp":"2025-05-02T06:51:03.689Z"}
{"level":"info","message":"✅ MongoDB Connected","timestamp":"2025-05-02T06:51:03.727Z"}
{"level":"info","message":"🚀 Server running on port 5000","timestamp":"2025-05-02T06:51:03.732Z"}
{"level":"error","message":"Invalid res object:","timestamp":"2025-05-02T06:51:09.500Z"}
{"level":"info","message":"✅ Route /api/auth attached successfully","timestamp":"2025-05-02T06:57:18.225Z"}
{"level":"info","message":"✅ Route /api/profile attached successfully","timestamp":"2025-05-02T06:57:18.228Z"}
{"level":"info","message":"✅ Route /api/skills attached successfully","timestamp":"2025-05-02T06:57:18.228Z"}
{"level":"info","message":"✅ Route /api/tasks attached successfully","timestamp":"2025-05-02T06:57:18.228Z"}
{"level":"info","message":"✅ MongoDB Connected","timestamp":"2025-05-02T06:57:18.259Z"}
{"level":"info","message":"🚀 Server running on port 5000","timestamp":"2025-05-02T06:57:18.266Z"}
{"level":"error","message":"Invalid res object:","timestamp":"2025-05-02T06:57:24.790Z"}
{"level":"error","message":"Invalid res object:","timestamp":"2025-05-02T06:57:38.570Z"}
{"level":"error","message":"Invalid res object:","timestamp":"2025-05-02T06:57:44.436Z"}
{"level":"info","message":"Token decoded successfully","timestamp":"2025-05-02T06:58:28.792Z","userId":"6811caef868b4c773da30b35"}
{"level":"warn","message":"User not found for token","timestamp":"2025-05-02T06:58:28.797Z","userId":"6811caef868b4c773da30b35"}
{"error":"Unauthorized: User not found","level":"error","message":"Token verification failed","timestamp":"2025-05-02T06:58:28.812Z"}
{"level":"info","message":"Token decoded successfully","timestamp":"2025-05-02T06:58:28.891Z","userId":"6811caef868b4c773da30b35"}
{"level":"warn","message":"User not found for token","timestamp":"2025-05-02T06:58:28.910Z","userId":"6811caef868b4c773da30b35"}
{"error":"Unauthorized: User not found","level":"error","message":"Token verification failed","timestamp":"2025-05-02T06:58:28.914Z"}
{"level":"info","message":"✅ Route /api/auth attached successfully","timestamp":"2025-05-02T07:03:34.632Z"}
{"level":"info","message":"✅ Route /api/profile attached successfully","timestamp":"2025-05-02T07:03:34.635Z"}
{"level":"info","message":"✅ Route /api/skills attached successfully","timestamp":"2025-05-02T07:03:34.636Z"}
{"level":"info","message":"✅ Route /api/tasks attached successfully","timestamp":"2025-05-02T07:03:34.636Z"}
{"level":"info","message":"✅ MongoDB Connected","timestamp":"2025-05-02T07:03:34.678Z"}
{"level":"info","message":"🚀 Server running on port 5000","timestamp":"2025-05-02T07:03:34.685Z"}
{"level":"info","message":"Token decoded successfully","timestamp":"2025-05-02T07:03:49.316Z","userId":"6811caef868b4c773da30b35"}
{"level":"info","message":"Token decoded successfully","timestamp":"2025-05-02T07:03:49.350Z","userId":"6811caef868b4c773da30b35"}
{"level":"error","message":"Invalid res object:","timestamp":"2025-05-02T07:09:33.242Z"}
{"level":"info","message":"Token decoded successfully","timestamp":"2025-05-02T07:09:46.202Z","userId":"6811caef868b4c773da30b35"}
{"level":"info","message":"Token decoded successfully","timestamp":"2025-05-02T07:09:46.284Z","userId":"6811caef868b4c773da30b35"}
{"level":"error","message":"Invalid res object:","timestamp":"2025-05-02T07:09:53.247Z"}
{"level":"error","message":"Invalid res object:","timestamp":"2025-05-02T07:09:56.771Z"}
{"level":"error","message":"Invalid res object:","timestamp":"2025-05-02T07:09:56.802Z"}
{"level":"error","message":"Invalid res object:","timestamp":"2025-05-02T07:10:11.050Z"}
{"level":"error","message":"Invalid res object:","timestamp":"2025-05-02T07:10:11.063Z"}
{"level":"info","message":"Token decoded successfully","timestamp":"2025-05-02T07:57:13.300Z","userId":"6811caef868b4c773da30b35"}
{"level":"info","message":"Token decoded successfully","timestamp":"2025-05-02T07:57:13.349Z","userId":"6811caef868b4c773da30b35"}
{"level":"error","message":"Invalid res object:","timestamp":"2025-05-02T07:57:46.024Z"}
{"level":"error","message":"Invalid res object:","timestamp":"2025-05-02T07:58:06.021Z"}
{"level":"error","message":"Invalid res object:","timestamp":"2025-05-02T07:58:43.439Z"}
{"level":"error","message":"Invalid res object:","timestamp":"2025-05-02T07:58:43.445Z"}
{"level":"info","message":"Token decoded successfully","timestamp":"2025-05-02T07:58:49.525Z","userId":"6811caef868b4c773da30b35"}
{"level":"info","message":"Token decoded successfully","timestamp":"2025-05-02T07:58:49.552Z","userId":"6811caef868b4c773da30b35"}
{"level":"info","message":"Token decoded successfully","timestamp":"2025-05-02T08:11:50.965Z","userId":"6811caef868b4c773da30b35"}
{"level":"info","message":"Token decoded successfully","timestamp":"2025-05-02T08:53:00.625Z","userId":"6811caef868b4c773da30b35"}
{"level":"info","message":"Token decoded successfully","timestamp":"2025-05-02T08:53:01.049Z","userId":"6811caef868b4c773da30b35"}
{"level":"info","message":"Token decoded successfully","timestamp":"2025-05-02T09:11:53.589Z","userId":"6811caef868b4c773da30b35"}
{"level":"info","message":"Token decoded successfully","timestamp":"2025-05-02T09:11:53.857Z","userId":"6811caef868b4c773da30b35"}
{"level":"info","message":"✅ Route /api/auth attached successfully","timestamp":"2025-05-03T03:48:54.865Z"}
{"level":"info","message":"✅ Route /api/profile attached successfully","timestamp":"2025-05-03T03:48:54.868Z"}
{"level":"info","message":"✅ Route /api/skills attached successfully","timestamp":"2025-05-03T03:48:54.868Z"}
{"level":"info","message":"✅ Route /api/tasks attached successfully","timestamp":"2025-05-03T03:48:54.869Z"}
{"level":"info","message":"✅ MongoDB Connected","timestamp":"2025-05-03T03:48:54.966Z"}
{"level":"info","message":"🚀 Server running on port 5000","timestamp":"2025-05-03T03:48:54.972Z"}
{"level":"info","message":"Token decoded successfully","timestamp":"2025-05-03T03:50:29.351Z","userId":"6811caef868b4c773da30b35"}
{"level":"info","message":"Token decoded successfully","timestamp":"2025-05-03T03:50:29.402Z","userId":"6811caef868b4c773da30b35"}
{"level":"error","message":"Invalid res object:","timestamp":"2025-05-03T03:51:42.886Z"}
{"level":"error","message":"Invalid res object:","timestamp":"2025-05-03T03:52:02.907Z"}
{"level":"info","message":"✅ Route /api/auth attached successfully","timestamp":"2025-05-03T04:21:11.030Z"}
{"level":"info","message":"✅ Route /api/profile attached successfully","timestamp":"2025-05-03T04:21:11.033Z"}
{"level":"info","message":"✅ Route /api/skills attached successfully","timestamp":"2025-05-03T04:21:11.033Z"}
{"level":"info","message":"✅ Route /api/tasks attached successfully","timestamp":"2025-05-03T04:21:11.034Z"}
{"level":"info","message":"✅ MongoDB Connected","timestamp":"2025-05-03T04:21:11.094Z"}
{"level":"info","message":"🚀 Server running on port 5000","timestamp":"2025-05-03T04:21:11.101Z"}
{"level":"info","message":"Token decoded successfully","timestamp":"2025-05-03T04:25:36.754Z","userId":"6811caef868b4c773da30b35"}
{"level":"info","message":"Token decoded successfully","timestamp":"2025-05-03T04:25:36.849Z","userId":"6811caef868b4c773da30b35"}
{"level":"error","message":"Invalid res object:","timestamp":"2025-05-03T04:25:49.409Z"}
{"level":"error","message":"Invalid res object:","timestamp":"2025-05-03T04:26:09.432Z"}
{"level":"error","message":"Invalid res object:","timestamp":"2025-05-03T04:26:25.497Z"}
{"level":"error","message":"Invalid res object:","timestamp":"2025-05-03T04:26:25.514Z"}
{"level":"info","message":"Token decoded successfully","timestamp":"2025-05-03T04:27:36.389Z","userId":"6811caef868b4c773da30b35"}
{"level":"info","message":"Token decoded successfully","timestamp":"2025-05-03T04:27:36.434Z","userId":"6811caef868b4c773da30b35"}
{"level":"info","message":"Token decoded successfully","timestamp":"2025-05-03T04:28:40.507Z","userId":"6811caef868b4c773da30b35"}
{"level":"info","message":"Token decoded successfully","timestamp":"2025-05-03T04:28:40.529Z","userId":"6811caef868b4c773da30b35"}
{"level":"error","message":"Invalid res object:","timestamp":"2025-05-03T04:28:47.256Z"}
{"level":"error","message":"Invalid res object:","timestamp":"2025-05-03T04:28:47.269Z"}
{"level":"info","message":"✅ Route /api/auth attached successfully","timestamp":"2025-05-04T04:15:02.763Z"}
{"level":"info","message":"✅ Route /api/profile attached successfully","timestamp":"2025-05-04T04:15:02.767Z"}
{"level":"info","message":"✅ Route /api/skills attached successfully","timestamp":"2025-05-04T04:15:02.768Z"}
{"level":"info","message":"✅ Route /api/tasks attached successfully","timestamp":"2025-05-04T04:15:02.769Z"}
{"level":"info","message":"✅ MongoDB Connected","timestamp":"2025-05-04T04:15:02.858Z"}
{"level":"info","message":"🚀 Server running on port 5000","timestamp":"2025-05-04T04:15:02.863Z"}
{"level":"info","message":"Token decoded successfully","timestamp":"2025-05-04T04:15:41.027Z","userId":"6811caef868b4c773da30b35"}
{"level":"info","message":"Token decoded successfully","timestamp":"2025-05-04T04:15:41.079Z","userId":"6811caef868b4c773da30b35"}
{"level":"error","message":"Invalid res object:","timestamp":"2025-05-04T04:16:35.779Z"}
{"level":"info","message":"Token decoded successfully","timestamp":"2025-05-04T04:16:54.924Z","userId":"6811caef868b4c773da30b35"}
{"level":"info","message":"Token decoded successfully","timestamp":"2025-05-04T04:16:54.974Z","userId":"6811caef868b4c773da30b35"}
{"level":"error","message":"Invalid res object:","timestamp":"2025-05-04T04:16:55.796Z"}
{"level":"error","message":"Invalid res object:","timestamp":"2025-05-04T04:17:16.322Z"}
{"level":"error","message":"Invalid res object:","timestamp":"2025-05-04T04:17:16.325Z"}
{"level":"info","message":"Token decoded successfully","timestamp":"2025-05-04T04:37:44.473Z","userId":"6811caef868b4c773da30b35"}
{"level":"info","message":"Token decoded successfully","timestamp":"2025-05-04T04:37:44.546Z","userId":"6811caef868b4c773da30b35"}
{"level":"info","message":"Token decoded successfully","timestamp":"2025-05-04T04:37:55.613Z","userId":"6811caef868b4c773da30b35"}
{"level":"info","message":"Token decoded successfully","timestamp":"2025-05-04T04:37:55.657Z","userId":"6811caef868b4c773da30b35"}
{"level":"info","message":"Token decoded successfully","timestamp":"2025-05-04T05:24:20.599Z","userId":"6811caef868b4c773da30b35"}
{"level":"info","message":"Token decoded successfully","timestamp":"2025-05-04T05:24:20.797Z","userId":"6811caef868b4c773da30b35"}
{"level":"info","message":"Token decoded successfully","timestamp":"2025-05-04T05:35:16.659Z","userId":"6811caef868b4c773da30b35"}
{"level":"info","message":"Token decoded successfully","timestamp":"2025-05-04T05:35:16.815Z","userId":"6811caef868b4c773da30b35"}
{"level":"info","message":"Token decoded successfully","timestamp":"2025-05-04T05:41:46.047Z","userId":"6811caef868b4c773da30b35"}
{"level":"info","message":"Token decoded successfully","timestamp":"2025-05-04T05:41:46.077Z","userId":"6811caef868b4c773da30b35"}
{"level":"info","message":"Token decoded successfully","timestamp":"2025-05-04T05:45:41.732Z","userId":"6811caef868b4c773da30b35"}
{"level":"info","message":"Token decoded successfully","timestamp":"2025-05-04T05:45:41.789Z","userId":"6811caef868b4c773da30b35"}
{"level":"info","message":"Token decoded successfully","timestamp":"2025-05-04T05:45:49.676Z","userId":"6811caef868b4c773da30b35"}
{"level":"info","message":"Token decoded successfully","timestamp":"2025-05-04T05:45:49.726Z","userId":"6811caef868b4c773da30b35"}
{"level":"info","message":"Token decoded successfully","timestamp":"2025-05-04T05:45:51.480Z","userId":"6811caef868b4c773da30b35"}
{"level":"info","message":"Token decoded successfully","timestamp":"2025-05-04T05:45:51.548Z","userId":"6811caef868b4c773da30b35"}
{"level":"info","message":"Token decoded successfully","timestamp":"2025-05-04T05:46:13.264Z","userId":"6811caef868b4c773da30b35"}
{"level":"info","message":"Token decoded successfully","timestamp":"2025-05-04T05:46:13.281Z","userId":"6811caef868b4c773da30b35"}
{"level":"info","message":"Token decoded successfully","timestamp":"2025-05-04T05:47:02.936Z","userId":"6811caef868b4c773da30b35"}
{"level":"error","message":"Invalid res object:","timestamp":"2025-05-04T05:47:10.090Z"}
{"level":"error","message":"Invalid res object:","timestamp":"2025-05-04T05:47:30.119Z"}
{"level":"error","message":"Invalid res object:","timestamp":"2025-05-04T05:54:59.259Z"}
{"level":"error","message":"Invalid res object:","timestamp":"2025-05-04T05:55:02.434Z"}
{"level":"info","message":"Token decoded successfully","timestamp":"2025-05-04T05:55:13.186Z","userId":"6811caef868b4c773da30b35"}
{"level":"info","message":"Token decoded successfully","timestamp":"2025-05-04T05:55:13.279Z","userId":"6811caef868b4c773da30b35"}
{"level":"info","message":"Token decoded successfully","timestamp":"2025-05-04T05:55:16.346Z","userId":"6811caef868b4c773da30b35"}
{"level":"info","message":"Token decoded successfully","timestamp":"2025-05-04T05:55:16.441Z","userId":"6811caef868b4c773da30b35"}
{"level":"info","message":"Token decoded successfully","timestamp":"2025-05-04T05:55:22.079Z","userId":"6811caef868b4c773da30b35"}
{"level":"info","message":"Token decoded successfully","timestamp":"2025-05-04T05:55:22.194Z","userId":"6811caef868b4c773da30b35"}
{"level":"info","message":"Token decoded successfully","timestamp":"2025-05-04T05:55:40.977Z","userId":"6811caef868b4c773da30b35"}
{"level":"info","message":"Token decoded successfully","timestamp":"2025-05-04T05:55:41.103Z","userId":"6811caef868b4c773da30b35"}
{"level":"info","message":"Token decoded successfully","timestamp":"2025-05-04T05:56:12.715Z","userId":"6811caef868b4c773da30b35"}
{"level":"info","message":"Token decoded successfully","timestamp":"2025-05-04T05:56:12.795Z","userId":"6811caef868b4c773da30b35"}
{"level":"info","message":"Token decoded successfully","timestamp":"2025-05-04T05:56:30.808Z","userId":"6811caef868b4c773da30b35"}
{"level":"info","message":"Token decoded successfully","timestamp":"2025-05-04T05:56:30.871Z","userId":"6811caef868b4c773da30b35"}
{"level":"info","message":"Token decoded successfully","timestamp":"2025-05-04T05:56:40.596Z","userId":"6811caef868b4c773da30b35"}
{"level":"info","message":"Token decoded successfully","timestamp":"2025-05-04T05:56:40.661Z","userId":"6811caef868b4c773da30b35"}
{"level":"info","message":"Token decoded successfully","timestamp":"2025-05-04T05:56:48.365Z","userId":"6811caef868b4c773da30b35"}
{"level":"info","message":"Token decoded successfully","timestamp":"2025-05-04T05:56:48.447Z","userId":"6811caef868b4c773da30b35"}
{"level":"info","message":"Token decoded successfully","timestamp":"2025-05-04T05:57:25.186Z","userId":"6811caef868b4c773da30b35"}
{"level":"info","message":"Token decoded successfully","timestamp":"2025-05-04T05:57:25.267Z","userId":"6811caef868b4c773da30b35"}
{"level":"info","message":"Token decoded successfully","timestamp":"2025-05-04T05:57:31.907Z","userId":"6811caef868b4c773da30b35"}
{"level":"info","message":"Token decoded successfully","timestamp":"2025-05-04T05:57:31.981Z","userId":"6811caef868b4c773da30b35"}
{"level":"info","message":"Token decoded successfully","timestamp":"2025-05-04T05:57:33.961Z","userId":"6811caef868b4c773da30b35"}
{"level":"info","message":"Token decoded successfully","timestamp":"2025-05-04T05:57:34.006Z","userId":"6811caef868b4c773da30b35"}
{"level":"info","message":"Token decoded successfully","timestamp":"2025-05-04T05:57:38.928Z","userId":"6811caef868b4c773da30b35"}
{"level":"info","message":"Token decoded successfully","timestamp":"2025-05-04T05:57:38.973Z","userId":"6811caef868b4c773da30b35"}
{"level":"info","message":"Token decoded successfully","timestamp":"2025-05-04T05:57:46.803Z","userId":"6811caef868b4c773da30b35"}
{"level":"info","message":"Token decoded successfully","timestamp":"2025-05-04T05:57:46.850Z","userId":"6811caef868b4c773da30b35"}
{"level":"error","message":"Invalid res object:","timestamp":"2025-05-04T05:57:51.202Z"}
{"level":"error","message":"Invalid res object:","timestamp":"2025-05-04T05:58:11.224Z"}
{"level":"error","message":"Invalid res object:","timestamp":"2025-05-04T06:19:14.373Z"}
{"level":"error","message":"Invalid res object:","timestamp":"2025-05-04T06:23:21.344Z"}
{"level":"error","message":"Invalid res object:","timestamp":"2025-05-04T06:23:21.756Z"}
{"level":"error","message":"Invalid res object:","timestamp":"2025-05-04T06:23:23.677Z"}
{"level":"error","message":"Invalid res object:","timestamp":"2025-05-04T06:35:57.972Z"}
{"level":"info","message":"Token decoded successfully","timestamp":"2025-05-04T06:35:58.527Z","userId":"6811caef868b4c773da30b35"}
{"level":"info","message":"Token decoded successfully","timestamp":"2025-05-04T06:35:58.678Z","userId":"6811caef868b4c773da30b35"}
{"level":"error","message":"Invalid res object:","timestamp":"2025-05-04T06:36:17.977Z"}
{"level":"error","message":"Invalid res object:","timestamp":"2025-05-04T06:36:20.925Z"}
{"level":"error","message":"Invalid res object:","timestamp":"2025-05-04T06:36:20.940Z"}
{"level":"error","message":"Invalid res object:","timestamp":"2025-05-04T06:36:30.390Z"}
{"level":"error","message":"Invalid res object:","timestamp":"2025-05-04T06:36:30.394Z"}
{"level":"info","message":"Token decoded successfully","timestamp":"2025-05-04T06:37:42.607Z","userId":"6811caef868b4c773da30b35"}
{"level":"info","message":"Token decoded successfully","timestamp":"2025-05-04T06:37:42.664Z","userId":"6811caef868b4c773da30b35"}
{"level":"error","message":"Invalid res object:","timestamp":"2025-05-04T06:45:09.589Z"}
{"level":"error","message":"Invalid res object:","timestamp":"2025-05-04T06:45:29.597Z"}
{"level":"info","message":"Token decoded successfully","timestamp":"2025-05-04T06:47:11.940Z","userId":"6811caef868b4c773da30b35"}
{"level":"info","message":"Token decoded successfully","timestamp":"2025-05-04T06:47:12.000Z","userId":"6811caef868b4c773da30b35"}
{"level":"error","message":"Invalid res object:","timestamp":"2025-05-04T06:48:12.821Z"}
{"level":"error","message":"Invalid res object:","timestamp":"2025-05-04T06:48:12.834Z"}
{"level":"info","message":"Token decoded successfully","timestamp":"2025-05-04T06:53:55.147Z","userId":"6811caef868b4c773da30b35"}
{"level":"info","message":"Token decoded successfully","timestamp":"2025-05-04T06:53:55.204Z","userId":"6811caef868b4c773da30b35"}
{"level":"error","message":"Invalid res object:","timestamp":"2025-05-04T06:55:01.630Z"}
{"level":"error","message":"Invalid res object:","timestamp":"2025-05-04T06:55:01.631Z"}
{"level":"info","message":"✅ Route /api/auth attached successfully","timestamp":"2025-05-04T08:47:05.148Z"}
{"level":"info","message":"✅ Route /api/profile attached successfully","timestamp":"2025-05-04T08:47:05.151Z"}
{"level":"info","message":"✅ Route /api/skills attached successfully","timestamp":"2025-05-04T08:47:05.152Z"}
{"level":"info","message":"✅ Route /api/tasks attached successfully","timestamp":"2025-05-04T08:47:05.153Z"}
{"level":"info","message":"✅ MongoDB Connected","timestamp":"2025-05-04T08:47:05.240Z"}
{"level":"info","message":"🚀 Server running on port 5000","timestamp":"2025-05-04T08:47:05.247Z"}
{"level":"info","message":"✅ Route /api/auth attached successfully","timestamp":"2025-05-04T09:01:39.850Z"}
{"level":"info","message":"✅ Route /api/profile attached successfully","timestamp":"2025-05-04T09:01:39.853Z"}
{"level":"info","message":"✅ Route /api/skills attached successfully","timestamp":"2025-05-04T09:01:39.854Z"}
{"level":"info","message":"✅ Route /api/tasks attached successfully","timestamp":"2025-05-04T09:01:39.854Z"}
{"level":"info","message":"✅ MongoDB Connected","timestamp":"2025-05-04T09:01:39.898Z"}
{"level":"info","message":"🚀 Server running on port 5000","timestamp":"2025-05-04T09:01:39.902Z"}
{"level":"info","message":"Token decoded successfully","timestamp":"2025-05-04T09:25:04.066Z","userId":"6811caef868b4c773da30b35"}
{"level":"info","message":"Token decoded successfully","timestamp":"2025-05-04T09:25:04.130Z","userId":"6811caef868b4c773da30b35"}
{"level":"error","message":"Invalid res object:","timestamp":"2025-05-04T09:25:38.071Z"}
{"level":"error","message":"Invalid res object:","timestamp":"2025-05-04T09:25:58.115Z"}
{"level":"info","message":"Token decoded successfully","timestamp":"2025-05-04T09:26:28.859Z","userId":"6811caef868b4c773da30b35"}
{"level":"info","message":"Token decoded successfully","timestamp":"2025-05-04T09:26:28.884Z","userId":"6811caef868b4c773da30b35"}
{"level":"error","message":"Invalid res object:","timestamp":"2025-05-04T09:26:59.379Z"}
{"level":"error","message":"Invalid res object:","timestamp":"2025-05-04T09:26:59.384Z"}
{"level":"info","message":"Token decoded successfully","timestamp":"2025-05-04T09:30:04.131Z","userId":"68070438201e6183a46d05ca"}
{"level":"info","message":"Token decoded successfully","timestamp":"2025-05-04T09:30:04.148Z","userId":"68070438201e6183a46d05ca"}
{"level":"error","message":"Invalid res object:","timestamp":"2025-05-04T09:30:30.625Z"}
{"level":"error","message":"Invalid res object:","timestamp":"2025-05-04T09:30:50.639Z"}
{"level":"info","message":"Token decoded successfully","timestamp":"2025-05-04T09:33:52.039Z","userId":"6811caef868b4c773da30b35"}
{"level":"info","message":"Token decoded successfully","timestamp":"2025-05-04T09:33:52.058Z","userId":"6811caef868b4c773da30b35"}
{"level":"error","message":"Invalid res object:","timestamp":"2025-05-04T09:33:58.481Z"}
{"level":"error","message":"Invalid res object:","timestamp":"2025-05-04T09:34:18.500Z"}
{"level":"error","message":"Invalid res object:","timestamp":"2025-05-04T09:35:06.700Z"}
{"level":"error","message":"Invalid res object:","timestamp":"2025-05-04T09:35:06.702Z"}
{"level":"error","message":"Invalid res object:","timestamp":"2025-05-04T09:35:12.881Z"}
{"level":"error","message":"Invalid res object:","timestamp":"2025-05-04T09:35:12.896Z"}
{"level":"info","message":"Token decoded successfully","timestamp":"2025-05-04T09:51:41.522Z","userId":"6811caef868b4c773da30b35"}
{"level":"info","message":"Token decoded successfully","timestamp":"2025-05-04T09:51:41.564Z","userId":"6811caef868b4c773da30b35"}
{"level":"error","message":"Invalid res object:","timestamp":"2025-05-04T09:51:50.873Z"}
{"level":"error","message":"Invalid res object:","timestamp":"2025-05-04T09:52:10.902Z"}
{"level":"info","message":"✅ Route /api/auth attached successfully","timestamp":"2025-05-04T10:22:09.865Z"}
{"level":"info","message":"✅ Route /api/profile attached successfully","timestamp":"2025-05-04T10:22:09.870Z"}
{"level":"info","message":"✅ Route /api/skills attached successfully","timestamp":"2025-05-04T10:22:09.872Z"}
{"level":"info","message":"✅ Route /api/tasks attached successfully","timestamp":"2025-05-04T10:22:09.872Z"}
{"level":"info","message":"✅ MongoDB Connected","timestamp":"2025-05-04T10:22:09.946Z"}
{"level":"info","message":"🚀 Server running on port 5000","timestamp":"2025-05-04T10:22:09.954Z"}
{"level":"info","message":"Token decoded successfully","timestamp":"2025-05-04T10:22:30.380Z","userId":"6811caef868b4c773da30b35"}
{"level":"info","message":"Token decoded successfully","timestamp":"2025-05-04T10:22:30.466Z","userId":"6811caef868b4c773da30b35"}
{"level":"error","message":"Invalid res object:","timestamp":"2025-05-04T10:22:51.031Z"}
{"level":"error","message":"Invalid res object:","timestamp":"2025-05-04T10:23:11.050Z"}
{"level":"error","message":"Invalid res object:","timestamp":"2025-05-04T10:26:29.609Z"}
{"level":"error","message":"Invalid res object:","timestamp":"2025-05-04T10:26:32.016Z"}
{"level":"error","message":"Invalid res object:","timestamp":"2025-05-04T10:26:32.777Z"}
{"level":"error","message":"Invalid res object:","timestamp":"2025-05-04T10:26:33.466Z"}
{"level":"error","message":"Invalid res object:","timestamp":"2025-05-04T10:39:55.260Z"}
{"level":"info","message":"Token decoded successfully","timestamp":"2025-05-04T10:40:55.378Z","userId":"6811caef868b4c773da30b35"}
{"level":"info","message":"Token decoded successfully","timestamp":"2025-05-04T10:40:55.514Z","userId":"6811caef868b4c773da30b35"}
{"level":"error","message":"Invalid res object:","timestamp":"2025-05-04T10:40:57.751Z"}
{"level":"error","message":"Invalid res object:","timestamp":"2025-05-04T10:41:17.785Z"}
{"level":"info","message":"Token decoded successfully","timestamp":"2025-05-04T10:44:55.482Z","userId":"68070438201e6183a46d05ca"}
{"level":"info","message":"Token decoded successfully","timestamp":"2025-05-04T10:44:55.503Z","userId":"68070438201e6183a46d05ca"}
{"level":"error","message":"Invalid res object:","timestamp":"2025-05-04T10:44:58.677Z"}
{"level":"info","message":"Token decoded successfully","timestamp":"2025-05-04T10:46:03.021Z","userId":"68174557d1050f130bac5a5e"}
{"level":"info","message":"Token decoded successfully","timestamp":"2025-05-04T10:46:03.032Z","userId":"68174557d1050f130bac5a5e"}
{"level":"error","message":"Invalid res object:","timestamp":"2025-05-04T10:46:06.970Z"}
{"level":"error","message":"Invalid res object:","timestamp":"2025-05-04T10:46:26.996Z"}
{"level":"info","message":"Token decoded successfully","timestamp":"2025-05-04T10:46:33.353Z","userId":"68174557d1050f130bac5a5e"}
{"level":"info","message":"Token decoded successfully","timestamp":"2025-05-04T10:46:33.374Z","userId":"68174557d1050f130bac5a5e"}
{"level":"error","message":"Invalid res object:","timestamp":"2025-05-04T10:47:22.161Z"}
{"level":"error","message":"Invalid res object:","timestamp":"2025-05-04T10:47:22.176Z"}
